<?xml version="1.0" encoding="UTF-8"?>
<!-- Generated by org.testng.reporters.JUnitXMLReporter -->
<testsuite hostname="Mobile-SIT-Automation.local" ignored="0" name="Default test" tests="3" failures="0" timestamp="17 Jun 2021 01:18:58 GMT" time="60.305" errors="0">
  <testcase name="testEnd" time="0.003" classname="au.com.mygovid.CompatibilityJava.BaseTest"/>
  <testcase name="testInit" time="0.001" classname="au.com.mygovid.CompatibilityJava.BaseTest"/>
  <testcase name="BirthCertificateTest" time="32.779" classname="au.com.mygovid.CompatibilityJava.BirthCertificateTest"/>
</testsuite> <!-- Default test -->
