<?xml version="1.0" encoding="UTF-8"?>
<testsuite xmlns:xsi="http://www.w3.org/2001/XMLSchema-instance" xsi:noNamespaceSchemaLocation="https://maven.apache.org/surefire/maven-surefire-plugin/xsd/surefire-test-report-3.0.xsd" version="3.0" name="TestSuite" time="70.913" tests="3" errors="0" skipped="0" failures="1">
  <properties>
[...]
</properties>
  <testcase name="testEnd" classname="au.com.mygovid.CompatibilityJava.RegistrationTest" time="0.001"/>
  <testcase name="testInit" classname="au.com.mygovid.CompatibilityJava.RegistrationTest" time="0"/>
  <testcase name="firstPageTest" classname="au.com.mygovid.CompatibilityJava.RegistrationTest" time="33.152">
    <failure message="org.openqa.selenium.WebDriverException: An unknown server-side error occurred while processing the command. Original error: Could not proxy command to the remote server. Original error: socket hang up&#10;Build info: version: &apos;3.141.59&apos;, revision: &apos;e82be7d358&apos;, time: &apos;2018-11-14T08:17:03&apos;&#10;System info: host: &apos;Mobile-SIT-Automation.local&apos;, ip: &apos;10.240.155.8&apos;, os.name: &apos;Mac OS X&apos;, os.arch: &apos;x86_64&apos;, os.version: &apos;10.14.6&apos;, java.version: &apos;1.8.0_201&apos;&#10;Driver info: io.appium.java_client.android.AndroidDriver&#10;Capabilities {app: /Users/sitauto/Pictures/COM..., appPackage: au.gov.ato.mygovid.droid.in..., databaseEnabled: false, desired: {app: /Users/sitauto/Pictures/COM..., deviceName: ANDROID, platformName: android}, deviceApiLevel: 29, deviceManufacturer: Google, deviceModel: Pixel 2, deviceName: FA7AW1A02820, deviceScreenDensity: 356, deviceScreenSize: 1080x1920, deviceUDID: FA7AW1A02820, javascriptEnabled: true, locationContextEnabled: false, networkConnectionEnabled: true, pixelRatio: 2.2250001, platform: LINUX, platformName: Android, platformVersion: 10, statBarHeight: 53, takesScreenshot: true, viewportRect: {height: 1760, left: 0, top: 53, width: 1080}, warnings: {}, webStorageEnabled: false}&#10;Session ID: a5805112-914d-4976-b8a9-627d3dd813bc&#10;*** Element info: {Using=id, value=au.gov.ato.mygovid.droid.integration:id/capturePasswordHeadingLabel}" type="org.openqa.selenium.WebDriverException">org.openqa.selenium.WebDriverException: 
org.openqa.selenium.WebDriverException: An unknown server-side error occurred while processing the command. Original error: Could not proxy command to the remote server. Original error: socket hang up
Build info: version: '3.141.59', revision: 'e82be7d358', time: '2018-11-14T08:17:03'
System info: host: 'Mobile-SIT-Automation.local', ip: '10.240.155.8', os.name: 'Mac OS X', os.arch: 'x86_64', os.version: '10.14.6', java.version: '1.8.0_201'
Driver info: io.appium.java_client.android.AndroidDriver
Capabilities {app: /Users/sitauto/Pictures/COM..., appPackage: au.gov.ato.mygovid.droid.in..., databaseEnabled: false, desired: {app: /Users/sitauto/Pictures/COM..., deviceName: ANDROID, platformName: android}, deviceApiLevel: 29, deviceManufacturer: Google, deviceModel: Pixel 2, deviceName: FA7AW1A02820, deviceScreenDensity: 356, deviceScreenSize: 1080x1920, deviceUDID: FA7AW1A02820, javascriptEnabled: true, locationContextEnabled: false, networkConnectionEnabled: true, pixelRatio: 2.2250001, platform: LINUX, platformName: Android, platformVersion: 10, statBarHeight: 53, takesScreenshot: true, viewportRect: {height: 1760, left: 0, top: 53, width: 1080}, warnings: {}, webStorageEnabled: false}
Session ID: a5805112-914d-4976-b8a9-627d3dd813bc
*** Element info: {Using=id, value=au.gov.ato.mygovid.droid.integration:id/capturePasswordHeadingLabel}
	at au.com.mygovid.CompatibilityJava.RegistrationTest.firstPageTest(RegistrationTest.java:43)
Caused by: org.openqa.selenium.WebDriverException: 
An unknown server-side error occurred while processing the command. Original error: Could not proxy command to the remote server. Original error: socket hang up
Build info: version: '3.141.59', revision: 'e82be7d358', time: '2018-11-14T08:17:03'
System info: host: 'Mobile-SIT-Automation.local', ip: '10.240.155.8', os.name: 'Mac OS X', os.arch: 'x86_64', os.version: '10.14.6', java.version: '1.8.0_201'
Driver info: io.appium.java_client.android.AndroidDriver
Capabilities {app: /Users/sitauto/Pictures/COM..., appPackage: au.gov.ato.mygovid.droid.in..., databaseEnabled: false, desired: {app: /Users/sitauto/Pictures/COM..., deviceName: ANDROID, platformName: android}, deviceApiLevel: 29, deviceManufacturer: Google, deviceModel: Pixel 2, deviceName: FA7AW1A02820, deviceScreenDensity: 356, deviceScreenSize: 1080x1920, deviceUDID: FA7AW1A02820, javascriptEnabled: true, locationContextEnabled: false, networkConnectionEnabled: true, pixelRatio: 2.2250001, platform: LINUX, platformName: Android, platformVersion: 10, statBarHeight: 53, takesScreenshot: true, viewportRect: {height: 1760, left: 0, top: 53, width: 1080}, warnings: {}, webStorageEnabled: false}
Session ID: a5805112-914d-4976-b8a9-627d3dd813bc
*** Element info: {Using=id, value=au.gov.ato.mygovid.droid.integration:id/capturePasswordHeadingLabel}
	at au.com.mygovid.CompatibilityJava.RegistrationTest.firstPageTest(RegistrationTest.java:43)
</failure>
    <system-err><![CDATA[Jun 17, 2021 11:20:18 AM io.appium.java_client.remote.AppiumCommandExecutor$1 lambda$0
INFO: Detected dialect: W3C
]]></system-err>
  </testcase>
</testsuite>